<?xml version="1.0" encoding="UTF-8"?>
<TestRun id="b6edbf09-37d2-41b6-a874-18f1ffce205e" name="Nilesh@NILESH-PC 2011-08-22 23:04:30" runUser="Nilesh-PC\Nilesh" xmlns="http://microsoft.com/schemas/VisualStudio/TeamTest/2010">
  <TestSettings name="Local" id="4e923c6d-8208-407a-8e19-70c2cd4481ad">
    <Description>These are default test settings for a local test run.</Description>
    <Execution>
      <TestTypeSpecific>
        <UnitTestRunConfig testTypeId="13cdc9d9-ddb5-4fa4-a97d-d965ccfc6d4b">
          <AssemblyResolution>
            <TestDirectory useLoadContext="true" />
          </AssemblyResolution>
        </UnitTestRunConfig>
        <WebTestRunConfiguration testTypeId="4e7599fa-5ecb-43e9-a887-cd63cf72d207">
          <Browser name="Internet Explorer 7.0">
            <Headers>
              <Header name="User-Agent" value="Mozilla/4.0 (compatible; MSIE 7.0; Windows NT 5.1)" />
              <Header name="Accept" value="*/*" />
              <Header name="Accept-Language" value="{{$IEAcceptLanguage}}" />
              <Header name="Accept-Encoding" value="GZIP" />
            </Headers>
          </Browser>
        </WebTestRunConfiguration>
      </TestTypeSpecific>
      <AgentRule name="LocalMachineDefaultRole">
        <DataCollectors>
          <DataCollector uri="datacollector://microsoft/CodeCoverage/1.0" assemblyQualifiedName="Microsoft.VisualStudio.TestTools.CodeCoverage.CoveragePlugIn, Microsoft.VisualStudio.QualityTools.Plugins.CodeCoverage, Version=10.0.0.0, Culture=neutral, PublicKeyToken=b03f5f7f11d50a3a" friendlyName="Code Coverage">
            <Configuration>
              <CodeCoverage xmlns="">
                <Regular>
                  <CodeCoverageItem binaryFile="e:\silverlight\ngtweet\TweetSharpService\bin\Hammock.ClientProfile.dll" pdbFile="e:\silverlight\ngtweet\TweetSharpService\bin\Hammock.ClientProfile.instr.pdb" instrumentInPlace="true" outputDirectory="TweetSharpService\Bin" />
                  <CodeCoverageItem binaryFile="e:\silverlight\ngtweet\TweetSharpService\bin\Newtonsoft.Json.dll" pdbFile="e:\silverlight\ngtweet\TweetSharpService\bin\Newtonsoft.Json.instr.pdb" instrumentInPlace="true" outputDirectory="TweetSharpService\Bin" />
                  <CodeCoverageItem binaryFile="e:\silverlight\ngtweet\TweetSharpService\bin\TweetSharp.dll" pdbFile="e:\silverlight\ngtweet\TweetSharpService\bin\TweetSharp.instr.pdb" instrumentInPlace="true" outputDirectory="TweetSharpService\Bin" />
                  <CodeCoverageItem binaryFile="e:\silverlight\ngtweet\TweetSharpService\bin\TweetSharpService.dll" pdbFile="e:\silverlight\ngtweet\TweetSharpService\bin\TweetSharpService.instr.pdb" instrumentInPlace="true" outputDirectory="TweetSharpService\Bin" />
                  <CodeCoverageItem binaryFile="e:\silverlight\ngtweet\NGTweet.ViewModels\Bin\Debug\NGTweet.ViewModels.dll" pdbFile="e:\silverlight\ngtweet\NGTweet.ViewModels\Bin\Debug\NGTweet.ViewModels.instr.pdb" instrumentInPlace="true" />
                </Regular>
                <AspNet>
                  <AspNetCodeCoverageItem id="a7068f6c-53a0-4185-9d85-26ff919af595" name="TweetSharpService" applicationRoot="/" url="http://localhost:0/" />
                </AspNet>
              </CodeCoverage>
            </Configuration>
          </DataCollector>
          <DataCollector uri="datacollector://microsoft/TestImpact/1.0" assemblyQualifiedName="Microsoft.VisualStudio.TraceCollector.TestImpactDataCollector, Microsoft.VisualStudio.TraceCollector, Version=10.0.0.0, Culture=neutral, PublicKeyToken=b03f5f7f11d50a3a" friendlyName="Test Impact">
          </DataCollector>
        </DataCollectors>
      </AgentRule>
    </Execution>
    <Deployment runDeploymentRoot="Nilesh_NILESH-PC 2011-08-22 23_04_30" />
  </TestSettings>
  <Times creation="2011-08-22T23:04:30.1263985+08:00" queuing="2011-08-22T23:04:30.1313988+08:00" start="2011-08-22T23:04:30.1313988+08:00" finish="2011-08-22T23:04:39.3139240+08:00" />
  <ResultSummary outcome="Error">
    <Counters total="1" error="0" failed="0" timeout="0" aborted="0" inconclusive="0" passedButRunAborted="0" notRunnable="0" notExecuted="1" disconnected="0" warning="0" passed="0" completed="0" inProgress="0" pending="0" />
    <RunInfos>
      <RunInfo computerName="NILESH-PC" outcome="Warning" timestamp="2011-08-22T23:04:30.5574232+08:00">
        <Text>Warning: Disabling deployment is ignored for the test run because code coverage is enabled in the active test settings.</Text>
      </RunInfo>
      <RunInfo computerName="NILESH-PC" outcome="Error" timestamp="2011-08-22T23:04:39.2849224+08:00">
        <Text>Failed to queue test run 'Nilesh@NILESH-PC 2011-08-22 23:04:30': The system cannot find the file specified</Text>
        <Exception>System.ComponentModel.Win32Exception (0x80004005): The system cannot find the file specified
   at System.Diagnostics.Process.StartWithCreateProcess(ProcessStartInfo startInfo)
   at System.Diagnostics.Process.Start()
   at Microsoft.VisualStudio.TestTools.Agent.Win32ProcessLauncher.Launch(String exeFileName, String args, String workingDir, IEnumerable`1 environmentVariables, EventHandler processExitedHandler, Process&amp; process)
   at Microsoft.VisualStudio.TestTools.Agent.OutOfProcessStrategy.LaunchProcessHelper(AgentProcessStartupInfo agentProcessStartupInfo)
   at Microsoft.VisualStudio.TestTools.Agent.OutOfProcessStrategy.StartAgentProcess(AgentProcessStartupInfo agentProcessStartupInfo, Boolean restarting)
   at Microsoft.VisualStudio.TestTools.Agent.OutOfProcessStrategy.StartAgentProcess(AgentProcessStartupInfo agentProcessStartupInfo)
   at Microsoft.VisualStudio.TestTools.Agent.AgentProxy.StartAgentProcess(AgentProcessStartupInfo agentProcessStartupInfo)
   at Microsoft.VisualStudio.TestTools.Agent.AgentProcessProxyManager.StartTestAgentProcesses(AgentProcessStartupInfo agentProcessStartupInfo)
   at Microsoft.VisualStudio.TestTools.Agent.AgentProcessManager.StartAgentProcess(AgentProcessStartupInfo agentProcessStartupInfo, Boolean startDataCollectionAgent)
   at Microsoft.VisualStudio.TestTools.Agent.AgentProcessManager.StartAgentProcess(AgentProcessStartupInfo agentProcessStartupInfo, TestRunConfiguration testRunConfiguration)
   at Microsoft.VisualStudio.TestTools.TestManagement.LocalControllerProxy.StartProcess(TestRun run)
   at Microsoft.VisualStudio.TestTools.TestManagement.LocalControllerProxy.PrepareProcess(TestRun run)
   at Microsoft.VisualStudio.TestTools.TestManagement.LocalControllerProxy.InitializeController(TestRun run)
   at Microsoft.VisualStudio.TestTools.TestManagement.ControllerProxy.QueueTestRunWorker(Object state)</Exception>
      </RunInfo>
    </RunInfos>
  </ResultSummary>
  <TestDefinitions>
    <UnitTest name="ReTweet_ShouldTweetSomeOtherUsersMessage_AndReturnRetweetedMessageTest" storage="e:\silverlight\ngtweet\tweetsharpservice.tests\bin\debug\tweetsharpservice.tests.dll" id="9b5c758c-773f-7312-2215-00cbf70dd0b6">
      <Execution id="5f9dc782-578d-40fb-a8ee-2b82d23232f1" />
      <TestMethod codeBase="E:/Silverlight/NGTweet/TweetSharpService.Tests/bin/Debug/TweetSharpService.Tests.DLL" adapterTypeName="Microsoft.VisualStudio.TestTools.TestTypes.Unit.UnitTestAdapter, Microsoft.VisualStudio.QualityTools.Tips.UnitTest.Adapter, Version=10.0.0.0, Culture=neutral, PublicKeyToken=b03f5f7f11d50a3a" className="TweetSharpService.Tests.Services.NGTweetAuthenticationServiceTest, TweetSharpService.Tests, Version=1.0.0.0, Culture=neutral, PublicKeyToken=null" name="ReTweet_ShouldTweetSomeOtherUsersMessage_AndReturnRetweetedMessageTest" />
    </UnitTest>
  </TestDefinitions>
  <TestLists>
    <TestList name="Results Not in a List" id="8c84fa94-04c1-424b-9868-57a2d4851a1d" />
    <TestList name="All Loaded Results" id="19431567-8539-422a-85d7-44ee4e166bda" />
  </TestLists>
  <TestEntries>
    <TestEntry testId="9b5c758c-773f-7312-2215-00cbf70dd0b6" executionId="5f9dc782-578d-40fb-a8ee-2b82d23232f1" testListId="8c84fa94-04c1-424b-9868-57a2d4851a1d" />
  </TestEntries>
  <Results>
    <UnitTestResult executionId="5f9dc782-578d-40fb-a8ee-2b82d23232f1" testId="9b5c758c-773f-7312-2215-00cbf70dd0b6" testName="ReTweet_ShouldTweetSomeOtherUsersMessage_AndReturnRetweetedMessageTest" computerName="NILESH-PC" testType="13cdc9d9-ddb5-4fa4-a97d-d965ccfc6d4b" outcome="NotExecuted" testListId="8c84fa94-04c1-424b-9868-57a2d4851a1d" relativeResultsDirectory="5f9dc782-578d-40fb-a8ee-2b82d23232f1">
    </UnitTestResult>
  </Results>
</TestRun>